	Exporter version: 4.6.1, Blender version: 2.78 (sub 0)
========= Conversion from Blender to Babylon.js =========
	Scene settings used:
		selected layers only:  false
		flat shading entire scene:  false
		inline textures:  false
		texture directory:  C:\Users\Rok\Downloads\
	Python World class constructor completed
	processing begun of mesh:  Mesh
		processing begun of Standard material:  Material
			Diffuse texture found "Texture.001"
				Image texture found, type:  diffuseTexture, mapped using: "UVMap"
			Bump texture found "Texture.002"
				Image texture found, type:  bumpTexture, mapped using: "UVMap"
		num positions      :  109
		num normals        :  109
		num uvs            :  218
		num uvs2           :  0
		num colors         :  0
		num indices        :  222
	processing begun of camera (FreeCamera):  Camera
	processing begun of light (POINT):  Point
========= Writing of scene file started =========
========= Writing of scene file completed =========
========= end of processing =========
elapsed time:  0 min, 0.4584 secs
